<?xml version="1.0" encoding="UTF-8"?>
<testng-results skipped="0" failed="0" ignored="0" total="2" passed="2">
  <reporter-output>
  </reporter-output>
  <suite name="Command line suite" duration-ms="57" started-at="2017-11-11T22:14:18Z" finished-at="2017-11-11T22:14:18Z">
    <groups>
    </groups>
    <test name="Command line test" duration-ms="57" started-at="2017-11-11T22:14:18Z" finished-at="2017-11-11T22:14:18Z">
      <class name="GetTest">
        <test-method status="PASS" signature="init()[pri:0, instance:GetTest@d041cf]" name="init" is-config="true" duration-ms="0" started-at="2017-11-12T01:14:18Z" finished-at="2017-11-12T01:14:18Z">
          <reporter-output>
          </reporter-output>
        </test-method> <!-- init -->
        <test-method status="PASS" signature="getTest()[pri:0, instance:GetTest@d041cf]" name="getTest" duration-ms="1" started-at="2017-11-12T01:14:18Z" finished-at="2017-11-12T01:14:18Z">
          <reporter-output>
          </reporter-output>
        </test-method> <!-- getTest -->
      </class> <!-- GetTest -->
      <class name="ChangeTest">
        <test-method status="PASS" signature="init()[pri:0, instance:ChangeTest@1134affc]" name="init" is-config="true" duration-ms="17" started-at="2017-11-12T01:14:18Z" finished-at="2017-11-12T01:14:18Z">
          <reporter-output>
          </reporter-output>
        </test-method> <!-- init -->
        <test-method status="PASS" signature="changeTest(java.lang.String)[pri:0, instance:ChangeTest@1134affc]" name="changeTest" duration-ms="3" started-at="2017-11-12T01:14:18Z" finished-at="2017-11-12T01:14:18Z">
          <params>
            <param index="0">
              <value>
                <![CDATA[test]]>
              </value>
            </param>
          </params>
          <reporter-output>
          </reporter-output>
        </test-method> <!-- changeTest -->
      </class> <!-- ChangeTest -->
    </test> <!-- Command line test -->
  </suite> <!-- Command line suite -->
</testng-results>
